# JRE version: Java(TM) SE Runtime Environment (8.0-b129) (build 1.8.0-b129)
# Java VM: Java HotSpot(TM) 64-Bit Server VM (25.0-b69 mixed mode bsd-amd64 compressed oops)
Heap:
 PSYoungGen      total 148480K, used 69487K [0x00000007aab00000, 0x00000007b6200000, 0x00000007c0000000)
  eden space 146944K, 47% used [0x00000007aab00000,0x00000007aeedbdc0,0x00000007b3a80000)
  from space 1536K, 0% used [0x00000007b5d80000,0x00000007b5d80000,0x00000007b5f00000)
  to   space 2560K, 0% used [0x00000007b5f80000,0x00000007b5f80000,0x00000007b6200000)
 ParOldGen       total 32768K, used 25648K [0x0000000780000000, 0x0000000782000000, 0x00000007aab00000)
  object space 32768K, 78% used [0x0000000780000000,0x000000078190c028,0x0000000782000000)
 Metaspace       used 31572K, capacity 49439K, committed 86756K, reserved 1107968K
  class space    used 9317K, capacity 14285K, committed 28900K, reserved 1048576K
GC Heap History (10 events):
Event: 13778.380 GC heap before
{Heap before GC invocations=401 (full 24):
 PSYoungGen      total 170496K, used 170240K [0x00000007aab00000, 0x00000007b6280000, 0x00000007c0000000)
  eden space 169984K, 100% used [0x00000007aab00000,0x00000007b5100000,0x00000007b5100000)
  from space 512K, 50% used [0x00000007b6200000,0x00000007b6240000,0x00000007b6280000)
  to   space 1024K, 0% used [0x00000007b6080000,0x00000007b6080000,0x00000007b6180000)
 ParOldGen       total 43008K, used 41991K [0x0000000780000000, 0x0000000782a00000, 0x00000007aab00000)
  object space 43008K, 97% used [0x0000000780000000,0x0000000782901d00,0x0000000782a00000)
 Metaspace       used 50680K, capacity 90759K, committed 90852K, reserved 1112064K
  class space    used 17634K, capacity 28824K, committed 28900K, reserved 1048576K
Event: 13778.384 GC heap after
Heap after GC invocations=401 (full 24):
 PSYoungGen      total 162816K, used 992K [0x00000007aab00000, 0x00000007b6280000, 0x00000007c0000000)
  eden space 161792K, 0% used [0x00000007aab00000,0x00000007aab00000,0x00000007b4900000)
  from space 1024K, 96% used [0x00000007b6080000,0x00000007b6178020,0x00000007b6180000)
  to   space 1024K, 0% used [0x00000007b6180000,0x00000007b6180000,0x00000007b6280000)
 ParOldGen       total 43008K, used 42591K [0x0000000780000000, 0x0000000782a00000, 0x00000007aab00000)
  object space 43008K, 99% used [0x0000000780000000,0x0000000782997d00,0x0000000782a00000)
 Metaspace       used 50680K, capacity 90759K, committed 90852K, reserved 1112064K
  class space    used 17634K, capacity 28824K, committed 28900K, reserved 1048576K
}
Event: 13778.384 GC heap before
{Heap before GC invocations=402 (full 25):
 PSYoungGen      total 162816K, used 992K [0x00000007aab00000, 0x00000007b6280000, 0x00000007c0000000)
  eden space 161792K, 0% used [0x00000007aab00000,0x00000007aab00000,0x00000007b4900000)
  from space 1024K, 96% used [0x00000007b6080000,0x00000007b6178020,0x00000007b6180000)
  to   space 1024K, 0% used [0x00000007b6180000,0x00000007b6180000,0x00000007b6280000)
 ParOldGen       total 43008K, used 42591K [0x0000000780000000, 0x0000000782a00000, 0x00000007aab00000)
  object space 43008K, 99% used [0x0000000780000000,0x0000000782997d00,0x0000000782a00000)
 Metaspace       used 50680K, capacity 90759K, committed 90852K, reserved 1112064K
  class space    used 17634K, capacity 28824K, committed 28900K, reserved 1048576K
Event: 13778.515 GC heap after
Heap after GC invocations=402 (full 25):
 PSYoungGen      total 162816K, used 0K [0x00000007aab00000, 0x00000007b6280000, 0x00000007c0000000)
  eden space 161792K, 0% used [0x00000007aab00000,0x00000007aab00000,0x00000007b4900000)
  from space 1024K, 0% used [0x00000007b6080000,0x00000007b6080000,0x00000007b6180000)
  to   space 1024K, 0% used [0x00000007b6180000,0x00000007b6180000,0x00000007b6280000)
 ParOldGen       total 30720K, used 24846K [0x0000000780000000, 0x0000000781e00000, 0x00000007aab00000)
  object space 30720K, 80% used [0x0000000780000000,0x0000000781843a20,0x0000000781e00000)
 Metaspace       used 29273K, capacity 43997K, committed 86756K, reserved 1107968K
  class space    used 8247K, capacity 12475K, committed 28900K, reserved 1048576K
}
Event: 13782.236 GC heap before
{Heap before GC invocations=403 (full 25):
 PSYoungGen      total 162816K, used 161792K [0x00000007aab00000, 0x00000007b6280000, 0x00000007c0000000)
  eden space 161792K, 100% used [0x00000007aab00000,0x00000007b4900000,0x00000007b4900000)
  from space 1024K, 0% used [0x00000007b6080000,0x00000007b6080000,0x00000007b6180000)
  to   space 1024K, 0% used [0x00000007b6180000,0x00000007b6180000,0x00000007b6280000)
 ParOldGen       total 30720K, used 24846K [0x0000000780000000, 0x0000000781e00000, 0x00000007aab00000)
  object space 30720K, 80% used [0x0000000780000000,0x0000000781843a20,0x0000000781e00000)
 Metaspace       used 32093K, capacity 50859K, committed 86756K, reserved 1107968K
  class space    used 9598K, capacity 14741K, committed 28900K, reserved 1048576K
Event: 13782.240 GC heap after
Heap after GC invocations=403 (full 25):
 PSYoungGen      total 155136K, used 1024K [0x00000007aab00000, 0x00000007b6280000, 0x00000007c0000000)
  eden space 154112K, 0% used [0x00000007aab00000,0x00000007aab00000,0x00000007b4180000)
  from space 1024K, 100% used [0x00000007b6180000,0x00000007b6280000,0x00000007b6280000)
  to   space 2560K, 0% used [0x00000007b5d80000,0x00000007b5d80000,0x00000007b6000000)
 ParOldGen       total 30720K, used 28238K [0x0000000780000000, 0x0000000781e00000, 0x00000007aab00000)
  object space 30720K, 91% used [0x0000000780000000,0x0000000781b93a60,0x0000000781e00000)
 Metaspace       used 32093K, capacity 50859K, committed 86756K, reserved 1107968K
  class space    used 9598K, capacity 14741K, committed 28900K, reserved 1048576K
}
Event: 13867.482 GC heap before
{Heap before GC invocations=404 (full 25):
 PSYoungGen      total 155136K, used 155136K [0x00000007aab00000, 0x00000007b6280000, 0x00000007c0000000)
  eden space 154112K, 100% used [0x00000007aab00000,0x00000007b4180000,0x00000007b4180000)
  from space 1024K, 100% used [0x00000007b6180000,0x00000007b6280000,0x00000007b6280000)
  to   space 2560K, 0% used [0x00000007b5d80000,0x00000007b5d80000,0x00000007b6000000)
 ParOldGen       total 30720K, used 28238K [0x0000000780000000, 0x0000000781e00000, 0x00000007aab00000)
  object space 30720K, 91% used [0x0000000780000000,0x0000000781b93a60,0x0000000781e00000)
 Metaspace       used 32931K, capacity 52835K, committed 86756K, reserved 1107968K
  class space    used 9988K, capacity 15413K, committed 28900K, reserved 1048576K
Event: 13867.485 GC heap after
Heap after GC invocations=404 (full 25):
 PSYoungGen      total 148480K, used 1248K [0x00000007aab00000, 0x00000007b6200000, 0x00000007c0000000)
  eden space 146944K, 0% used [0x00000007aab00000,0x00000007aab00000,0x00000007b3a80000)
  from space 1536K, 81% used [0x00000007b5d80000,0x00000007b5eb8000,0x00000007b5f00000)
  to   space 2560K, 0% used [0x00000007b5f80000,0x00000007b5f80000,0x00000007b6200000)
 ParOldGen       total 30720K, used 29262K [0x0000000780000000, 0x0000000781e00000, 0x00000007aab00000)
  object space 30720K, 95% used [0x0000000780000000,0x0000000781c93a60,0x0000000781e00000)
 Metaspace       used 32931K, capacity 52835K, committed 86756K, reserved 1107968K
  class space    used 9988K, capacity 15413K, committed 28900K, reserved 1048576K
}
Event: 13867.485 GC heap before
{Heap before GC invocations=405 (full 26):
 PSYoungGen      total 148480K, used 1248K [0x00000007aab00000, 0x00000007b6200000, 0x00000007c0000000)
  eden space 146944K, 0% used [0x00000007aab00000,0x00000007aab00000,0x00000007b3a80000)
  from space 1536K, 81% used [0x00000007b5d80000,0x00000007b5eb8000,0x00000007b5f00000)
  to   space 2560K, 0% used [0x00000007b5f80000,0x00000007b5f80000,0x00000007b6200000)
 ParOldGen       total 30720K, used 29262K [0x0000000780000000, 0x0000000781e00000, 0x00000007aab00000)
  object space 30720K, 95% used [0x0000000780000000,0x0000000781c93a60,0x0000000781e00000)
 Metaspace       used 32931K, capacity 52835K, committed 86756K, reserved 1107968K
  class space    used 9988K, capacity 15413K, committed 28900K, reserved 1048576K
Event: 13867.581 GC heap after
Heap after GC invocations=405 (full 26):
 PSYoungGen      total 148480K, used 0K [0x00000007aab00000, 0x00000007b6200000, 0x00000007c0000000)
  eden space 146944K, 0% used [0x00000007aab00000,0x00000007aab00000,0x00000007b3a80000)
  from space 1536K, 0% used [0x00000007b5d80000,0x00000007b5d80000,0x00000007b5f00000)
  to   space 2560K, 0% used [0x00000007b5f80000,0x00000007b5f80000,0x00000007b6200000)
 ParOldGen       total 32768K, used 25648K [0x0000000780000000, 0x0000000782000000, 0x00000007aab00000)
  object space 32768K, 78% used [0x0000000780000000,0x000000078190c028,0x0000000782000000)
 Metaspace       used 31470K, capacity 49253K, committed 86756K, reserved 1107968K
  class space    used 9274K, capacity 14219K, committed 28900K, reserved 1048576K
}

